#-----------------------------------------------------------
# Vivado v2016.3 (64-bit)
# SW Build 1682563 on Mon Oct 10 19:07:27 MDT 2016
# IP Build 1681267 on Mon Oct 10 21:28:31 MDT 2016
# Start of session at: Wed Nov 28 23:53:43 2018
# Process ID: 6640
# Current directory: H:/ENEL 384/project_new
# Command line: vivado.exe -gui_launcher_event rodinguilauncherevent9620 H:\ENEL 384\project_new\project_new.xpr
# Log file: H:/ENEL 384/project_new/vivado.log
# Journal file: H:/ENEL 384/project_new\vivado.jou
#-----------------------------------------------------------
start_gui
open_project {H:/ENEL 384/project_new/project_new.xpr}
Scanning sources...
Finished scanning sources
WARNING: [filemgmt 56-3] IP Output Repository Path: Could not find the directory 'H:/ENEL 384/project_new/project_new.cache/ip'.
INFO: [IP_Flow 19-234] Refreshing IP repositories
INFO: [IP_Flow 19-1704] No user IP repositories specified
INFO: [IP_Flow 19-2313] Loaded Vivado IP repository 'C:/Xilinx/Vivado/2016.3/data/ip'.
open_project: Time (s): cpu = 00:00:12 ; elapsed = 00:00:13 . Memory (MB): peak = 754.098 ; gain = 173.250exit
INFO: [Common 17-206] Exiting Vivado at Thu Nov 29 00:28:23 2018...

