#-----------------------------------------------------------
# Vivado v2016.3 (64-bit)
# SW Build 1682563 on Mon Oct 10 19:07:27 MDT 2016
# IP Build 1681267 on Mon Oct 10 21:28:31 MDT 2016
# Start of session at: Wed Nov 28 18:09:50 2018
# Process ID: 9268
# Current directory: H:/ENEL 384/Project/project_new
# Command line: vivado.exe -gui_launcher_event rodinguilauncherevent7444 H:\ENEL 384\Project\project_new\project_new.xpr
# Log file: H:/ENEL 384/Project/project_new/vivado.log
# Journal file: H:/ENEL 384/Project/project_new\vivado.jou
#-----------------------------------------------------------
start_gui
open_project {H:/ENEL 384/Project/project_new/project_new.xpr}
Scanning sources...
Finished scanning sources
WARNING: [filemgmt 56-3] IP Output Repository Path: Could not find the directory 'H:/ENEL 384/Project/project_new/project_new.cache/ip'.
INFO: [IP_Flow 19-234] Refreshing IP repositories
INFO: [IP_Flow 19-1704] No user IP repositories specified
INFO: [IP_Flow 19-2313] Loaded Vivado IP repository 'C:/Xilinx/Vivado/2016.3/data/ip'.
create_project gran_velocidad {H:/ENEL 384/final project/gran_velocidad} -part xc7a100tcsg324-1
INFO: [IP_Flow 19-234] Refreshing IP repositories
INFO: [IP_Flow 19-1704] No user IP repositories specified
INFO: [IP_Flow 19-2313] Loaded Vivado IP repository 'C:/Xilinx/Vivado/2016.3/data/ip'.
file mkdir H:/ENEL 384/final project/gran_velocidad/gran_velocidad.srcs/sources_1/new
can't create directory "H:/ENEL": file already exists
file mkdir H:/ENEL 384/final project/gran_velocidad/gran_velocidad.srcs/sources_1/new
can't create directory "H:/ENEL": file already exists
file mkdir H:/ENEL 384/final project/gran_velocidad/gran_velocidad.srcs/sources_1/new
can't create directory "H:/ENEL": file already exists
file mkdir H:/ENEL 384/final project/gran_velocidad/gran_velocidad.srcs/sources_1/new
can't create directory "H:/ENEL": file already exists
file mkdir H:/ENEL 384/final project/gran_velocidad/gran_velocidad.srcs/sources_1/new
can't create directory "H:/ENEL": file already exists
file mkdir H:/ENEL 384/final project/gran_velocidad/gran_velocidad.srcs/sources_1/new
can't create directory "H:/ENEL": file already exists
file mkdir H:/ENEL 384/final project/gran_velocidad/gran_velocidad.srcs/sources_1/new
can't create directory "H:/ENEL": file already exists
file mkdir {H:/ENEL 384/final project/gran_velocidad/gran_velocidad.srcs/sources_1/new}
close [ open {H:/ENEL 384/final project/gran_velocidad/gran_velocidad.srcs/sources_1/new/gran_velocidad.vhd} w ]
add_files {{H:/ENEL 384/final project/gran_velocidad/gran_velocidad.srcs/sources_1/new/gran_velocidad.vhd}}
close [ open {H:/ENEL 384/final project/gran_velocidad/gran_velocidad.srcs/sources_1/new/project_display.vhd} w ]
add_files {{H:/ENEL 384/final project/gran_velocidad/gran_velocidad.srcs/sources_1/new/project_display.vhd}}
close [ open {H:/ENEL 384/final project/gran_velocidad/gran_velocidad.srcs/sources_1/new/project_divider.vhd} w ]
add_files {{H:/ENEL 384/final project/gran_velocidad/gran_velocidad.srcs/sources_1/new/project_divider.vhd}}
add_files -fileset constrs_1 -norecurse {{H:/ENEL 384/final project/gran_velocidad/Nexys4 DDR - Documentation and Files-20181114/Vivado_Nexys4DDR_Demo/Vivado_Nexys4DDR_Demo/Nexys4DDR_Master.xdc}}
current_project project_new
current_project gran_velocidad
close_project
exit
INFO: [Common 17-206] Exiting Vivado at Wed Nov 28 18:17:04 2018...
