#-----------------------------------------------------------
# Vivado v2016.3 (64-bit)
# SW Build 1682563 on Mon Oct 10 19:07:27 MDT 2016
# IP Build 1681267 on Mon Oct 10 21:28:31 MDT 2016
# Start of session at: Mon Nov 26 17:38:05 2018
# Process ID: 4944
# Current directory: H:/ENEL 384/Project/enel_project
# Command line: vivado.exe -gui_launcher_event rodinguilauncherevent9572 H:\ENEL 384\Project\enel_project\enel_project.xpr
# Log file: H:/ENEL 384/Project/enel_project/vivado.log
# Journal file: H:/ENEL 384/Project/enel_project\vivado.jou
#-----------------------------------------------------------
start_gui
open_project {H:/ENEL 384/Project/enel_project/enel_project.xpr}
Scanning sources...
Finished scanning sources
WARNING: [filemgmt 56-3] IP Output Repository Path: Could not find the directory 'H:/ENEL 384/Project/enel_project/enel_project.cache/ip'.
INFO: [IP_Flow 19-234] Refreshing IP repositories
INFO: [IP_Flow 19-1704] No user IP repositories specified
INFO: [IP_Flow 19-2313] Loaded Vivado IP repository 'C:/Xilinx/Vivado/2016.3/data/ip'.
exit
INFO: [Common 17-206] Exiting Vivado at Mon Nov 26 17:45:15 2018...
