#-----------------------------------------------------------
# Vivado v2015.3 (64-bit)
# SW Build 1368829 on Mon Sep 28 20:06:43 MDT 2015
# IP Build 1367837 on Mon Sep 28 08:56:14 MDT 2015
# Start of session at: Tue Nov 29 15:01:53 2016
# Process ID: 5448
# Current directory: H:/enel384/new384proj
# Command line: vivado.exe -gui_launcher_event rodinguilauncherevent2680 H:\enel384\new384proj\new384proj.xpr
# Log file: H:/enel384/new384proj/vivado.log
# Journal file: H:/enel384/new384proj\vivado.jou
#-----------------------------------------------------------
start_gui
open_project H:/enel384/new384proj/new384proj.xpr
INFO: [Common 17-41] Interrupt caught. Command should exit soon.
****** Webtalk v2015.3 (64-bit)
  **** SW Build 1368829 on Mon Sep 28 20:06:43 MDT 2015
  **** IP Build 1367837 on Mon Sep 28 08:56:14 MDT 2015
    ** Copyright 1986-2015 Xilinx, Inc. All Rights Reserved.

source H:/enel384/new384proj/new384proj.hw/webtalk/labtool_webtalk.tcl -notrace
INFO: [Common 17-206] Exiting Webtalk at Tue Nov 29 15:02:00 2016...
INFO: [Common 17-344] 'open_project' was cancelled
open_project H:/enel384/new384proj/new384proj.xpr
Scanning sources...
Finished scanning sources
INFO: [IP_Flow 19-234] Refreshing IP repositories
INFO: [IP_Flow 19-1704] No user IP repositories specified
INFO: [IP_Flow 19-2313] Loaded Vivado IP repository 'C:/Xilinx/Vivado/2015.3/data/ip'.
exit
INFO: [Common 17-206] Exiting Vivado at Tue Nov 29 15:02:25 2016...
