#-----------------------------------------------------------
# Vivado v2016.3 (64-bit)
# SW Build 1682563 on Mon Oct 10 19:07:27 MDT 2016
# IP Build 1681267 on Mon Oct 10 21:28:31 MDT 2016
# Start of session at: Mon Nov 26 17:29:14 2018
# Process ID: 8464
# Current directory: H:/enel384/new384proj
# Command line: vivado.exe -gui_launcher_event rodinguilauncherevent7288 H:\enel384\new384proj\new384proj.xpr
# Log file: H:/enel384/new384proj/vivado.log
# Journal file: H:/enel384/new384proj\vivado.jou
#-----------------------------------------------------------
start_gui
open_project H:/enel384/new384proj/new384proj.xpr
Scanning sources...
Finished scanning sources
INFO: [IP_Flow 19-234] Refreshing IP repositories
INFO: [IP_Flow 19-1704] No user IP repositories specified
INFO: [IP_Flow 19-2313] Loaded Vivado IP repository 'C:/Xilinx/Vivado/2016.3/data/ip'.
open_project: Time (s): cpu = 00:00:07 ; elapsed = 00:00:09 . Memory (MB): peak = 833.691 ; gain = 179.395exit
INFO: [Common 17-206] Exiting Vivado at Mon Nov 26 17:30:03 2018...

