#-----------------------------------------------------------
# Vivado v2016.3 (64-bit)
# SW Build 1682563 on Mon Oct 10 19:07:27 MDT 2016
# IP Build 1681267 on Mon Oct 10 21:28:31 MDT 2016
# Start of session at: Sat Nov 24 16:29:58 2018
# Process ID: 5464
# Current directory: H:/enel384/new384proj
# Command line: vivado.exe -gui_launcher_event rodinguilauncherevent10140 H:\enel384\new384proj\new384proj.xpr
# Log file: H:/enel384/new384proj/vivado.log
# Journal file: H:/enel384/new384proj\vivado.jou
#-----------------------------------------------------------sstart_guioopen_project H:/enel384/new384proj/new384proj.xpr
Scanning sources...
Finished scanning sources
INFO: [IP_Flow 19-234] Refreshing IP repositories
INFO: [IP_Flow 19-1704] No user IP repositories specifiedINFO: [IP_Flow 19-2313] Loaded Vivado IP repository 'C:/Xilinx/Vivado/2016.3/data/ip'.
open_project: Time (s): cpu = 00:00:12 ; elapsed = 00:00:39 . Memory (MB): peak = 709.648 ; gain = 128.734
exit
INFO: [Common 17-206] Exiting Vivado at Sat Nov 24 16:31:49 2018...

xilinx::modelERROEERROR: [Common 17-69] Command failed: ERROR: [Common 17-685] Unable to load Tcl app xilinx::modexit
Iadd_files -norecurse H:/enel384/new384proj/new384proj.srcs/sources_1/new/traffic.vhd
WARNING: [filemgmt 56-12] File 'H:/enel384/new384proj/new384proj.srcs/sources_1/new/traffic.vhd' cannot be added to the project because it already exists in the project, skipping this file
import_files -norecurse H:/enel384/new384proj/new384proj.srcs/sources_1/new/traffic.vhd
